Arguments: 
  /opt/homebrew/Cellar/node/19.5.0/bin/node /opt/homebrew/Cellar/yarn/1.22.19/libexec/bin/yarn.js

PATH: 
  /opt/homebrew/opt/openjdk/bin:/Users/adomurad/sources/binaryen-version_105/bin:/Users/adomurad/sources/foundry_nightly_darwin_arm64:/opt/homebrew/bin:/opt/homebrew/sbin:/usr/local/bin:/System/Cryptexes/App/usr/bin:/usr/bin:/bin:/usr/sbin:/sbin:/usr/local/share/dotnet:~/.dotnet/tools:/Library/Apple/usr/bin:/Library/Frameworks/Mono.framework/Versions/Current/Commands:/opt/homebrew/opt/openjdk/bin:/Users/adomurad/sources/binaryen-version_105/bin:/Users/adomurad/sources/foundry_nightly_darwin_arm64:/opt/homebrew/bin:/opt/homebrew/sbin:/Users/adomurad/miniforge3/bin:/Users/adomurad/miniforge3/condabin

Yarn version: 
  1.22.19

Node version: 
  19.5.0

Platform: 
  darwin arm64

Trace: 
  Error: https://registry.yarnpkg.com/@aztec%2feslint-config: Not found
      at params.callback [as _callback] (/opt/homebrew/Cellar/yarn/1.22.19/libexec/lib/cli.js:66145:18)
      at self.callback (/opt/homebrew/Cellar/yarn/1.22.19/libexec/lib/cli.js:140890:22)
      at Request.emit (node:events:512:28)
      at Request.<anonymous> (/opt/homebrew/Cellar/yarn/1.22.19/libexec/lib/cli.js:141862:10)
      at Request.emit (node:events:512:28)
      at IncomingMessage.<anonymous> (/opt/homebrew/Cellar/yarn/1.22.19/libexec/lib/cli.js:141784:12)
      at Object.onceWrapper (node:events:626:28)
      at IncomingMessage.emit (node:events:524:35)
      at endReadableNT (node:internal/streams/readable:1359:12)
      at process.processTicksAndRejections (node:internal/process/task_queues:82:21)

npm manifest: 
  {
    "name": "wallet-ui",
    "version": "1.0.0",
    "license": "GPL-2.0",
    "type": "module",
    "scripts": {
      "build": "yarn clean && BUILD_PATH='./dest' vite build",
      "start": "serve -p 1235 ./dest",
      "start:dev": "webpack serve --mode development",
      "test": "NODE_NO_WARNINGS=1 node --experimental-vm-modules $(yarn bin jest) --no-cache --testTimeout=1000000",
      "test-debug": "NODE_NO_WARNINGS=1 node --inspect-brk=0.0.0.0:9220 --experimental-vm-modules $(yarn bin jest) --no-cache --runInBand --testTimeout=1000000",
      "formatting": "run -T prettier --check ./src && run -T eslint --max-warnings 0 ./src",
      "clean": "rm -rf ./dest"
    },
    "jest": {
      "preset": "ts-jest/presets/default-esm",
      "transform": {
        ".*\\.tsx?$": [
          "ts-jest",
          {
            "useESM": true
          }
        ]
      },
      "transformIgnorePatterns": [
        "^.+\\.js$"
      ],
      "testEnvironment": "jsdom",
      "moduleNameMapper": {
        "^(\\.{1,2}/.*)\\.js$": "$1"
      },
      "setupFilesAfterEnv": [
        "<rootDir>/jest.mock.js"
      ],
      "testRegex": "./src/.*\\.test\\.tsx?$",
      "rootDir": "./src"
    },
    "browserslist": [
      "last 1 chrome version"
    ],
    "dependencies": {
      "@rainbow-me/rainbowkit": "^0.8.1",
      "@walletconnect/core": "2.2.1",
      "@walletconnect/sign-client": "2.2.1",
      "@walletconnect/types": "2.2.1",
      "@web3-react/core": "^6.1.9",
      "@web3-react/injected-connector": "^6.0.7",
      "@web3-react/metamask": "^8.0.0-beta.0",
      "@web3-react/walletconnect-connector": "^6.2.13",
      "react-is": "^18.2.0",
      "react-router-dom": "^6.8.0",
      "safe-json-utils": "^1.1.1",
      "serve": "^14.0.1"
    },
    "devDependencies": {
      "@aztec/barretenberg": "workspace:^",
      "@aztec/eslint-config": "workspace:^",
      "@aztec/sdk": "workspace:^",
      "@esbuild-plugins/node-modules-polyfill": "^0.2.2",
      "@ethersproject/providers": "^5.6.8",
      "@rushstack/eslint-patch": "^1.1.4",
      "@testing-library/dom": "^8.20.0",
      "@testing-library/jest-dom": "^5.16.5",
      "@testing-library/react": "^13.4.0",
      "@testing-library/user-event": "^14.4.3",
      "@types/debug": "^4.1.7",
      "@types/jest": "^29.4.0",
      "@types/react": "18.0.15",
      "@types/react-dom": "^18.0.6",
      "@types/react-router-dom": "^5.3.3",
      "@types/styled-components": "^5.1.25",
      "@types/testing-library__dom": "^7.5.0",
      "@types/testing-library__jest-dom": "^5.14.5",
      "@vitejs/plugin-react": "^3.1.0",
      "assert": "^2.0.0",
      "buffer": "^6.0.3",
      "copy-webpack-plugin": "^11.0.0",
      "cross-fetch": "^3.1.5",
      "debug": "^4.3.4",
      "ethers": "^5.6.9",
      "events": "^3.3.0",
      "html-webpack-plugin": "^5.5.0",
      "jest": "^29.4.1",
      "jest-environment-jsdom": "^29.4.2",
      "jest-fetch-mock": "^3.0.3",
      "msw": "^1.0.0",
      "react": "^18.2.0",
      "react-device-detect": "^2.2.2",
      "react-dom": "^18.2.0",
      "resolve-typescript-plugin": "^1.2.0",
      "stream-browserify": "^3.0.0",
      "styled-components": "^5.3.5",
      "subtle-crypto": "^0.0.0",
      "ts-jest": "^29.0.5",
      "ts-loader": "^9.3.1",
      "tsc-watch": "^5.0.3",
      "typescript": "^4.7.4",
      "util": "^0.12.4",
      "vite": "^4.1.1",
      "vite-plugin-static-copy": "^0.13.0",
      "vite-plugin-svgr": "^2.4.0",
      "vite-tsconfig-paths": "^4.0.5",
      "webpack": "^5.74.0",
      "webpack-cli": "^4.10.0",
      "webpack-dev-server": "^4.9.3"
    }
  }

yarn manifest: 
  No manifest

Lockfile: 
  No lockfile
